Lmod has detected the following error: The following module(s) are unknown:
"python/3.12.1"

Please check the spelling or version number. Also try "module spider ..."
It is also possible your cache file is out-of-date; it may help to try:
  $ module --ignore_cache load "python/3.12.1"

Also make sure that all modulefiles written in TCL start with the string
#%Module



`torch_dtype` is deprecated! Use `dtype` instead!
Loading safetensors checkpoint shards:   0% Completed | 0/5 [00:00<?, ?it/s]
Loading safetensors checkpoint shards:  20% Completed | 1/5 [00:00<00:03,  1.09it/s]
Loading safetensors checkpoint shards:  40% Completed | 2/5 [00:03<00:05,  1.69s/it]
Loading safetensors checkpoint shards:  60% Completed | 3/5 [00:05<00:04,  2.15s/it]
Loading safetensors checkpoint shards:  80% Completed | 4/5 [00:08<00:02,  2.40s/it]
Loading safetensors checkpoint shards: 100% Completed | 5/5 [00:11<00:00,  2.52s/it]
Loading safetensors checkpoint shards: 100% Completed | 5/5 [00:11<00:00,  2.27s/it]

Traceback (most recent call last):
  File "/projects/bfdz/zluo8/tool_and_judge/judge_run.py", line 365, in <module>
    output_dir = f"judge/result/{display_model_name}/preferences_local_direct"
                                 ^^^^^^^^^^^^^^^^^^
NameError: name 'display_model_name' is not defined
